


ARM Macro Assembler    Page 1 


    1 00000000         ; Print.s
    2 00000000         ; Student names: change this to your names or look very 
                       silly
    3 00000000         ; Last modification date: change this to the last modifi
                       cation date or look very silly
    4 00000000         ; Runs on LM4F120 or TM4C123
    5 00000000         ; EE319K lab 7 device driver for any LCD
    6 00000000         ;
    7 00000000         ; As part of Lab 7, students need to implement these LCD
                       _OutDec and LCD_OutFix
    8 00000000         ; This driver assumes two low-level LCD functions
    9 00000000         ; ST7735_OutChar   outputs a single 8-bit ASCII characte
                       r
   10 00000000         ; ST7735_OutString outputs a null-terminated string 
   11 00000000         
   12 00000000                 IMPORT           ST7735_OutChar
   13 00000000                 IMPORT           ST7735_OutString
   14 00000000                 EXPORT           LCD_OutDec
   15 00000000                 EXPORT           LCD_OutFix
   16 00000000         
   17 00000000                 AREA             |.text|, CODE, READONLY, ALIGN=
2
   18 00000000                 THUMB
   19 00000000         
   20 00000000         
   21 00000000         
   22 00000000         ;-----------------------LCD_OutDec----------------------
                       -
   23 00000000         ; Output a 32-bit number in unsigned decimal format
   24 00000000         ; Input: R0 (call by value) 32-bit unsigned number
   25 00000000         ; Output: none
   26 00000000         ; Invariables: This function must not permanently modify
                        registers R4 to R11
   27 00000000         
   28 00000000 00000000 
                       billions
                               EQU              0
   29 00000000 00000008 
                       hundredmillions
                               EQU              8
   30 00000000 00000010 
                       tenmillions
                               EQU              16
   31 00000000 00000018 
                       millions
                               EQU              24
   32 00000000 00000020 
                       hundredthousands
                               EQU              32
   33 00000000 00000028 
                       tenthousands
                               EQU              40
   34 00000000 00000030 
                       thousands
                               EQU              48
   35 00000000 00000038 
                       Hundreds
                               EQU              56
   36 00000000 00000040 



ARM Macro Assembler    Page 2 


                       Tens    EQU              64
   37 00000000 00000048 
                       Ones    EQU              72
   38 00000000 00000050 
                       LR_Register
                               EQU              80
   39 00000000         
   40 00000000         LCD_OutDec
   41 00000000 B094            SUB              SP, #80
   42 00000002 F8CD E050       STR              LR, [SP, #LR_Register]
   43 00000006         
   44 00000006 4B59            LDR              R3,= 1000000000
   45 00000008 FBB0 F1F3       UDIV             R1, R0, R3
   46 0000000C 9100            STR              R1,[SP,#billions]
   47 0000000E FB01 F103       MUL              R1, R1, R3
   48 00000012 EBA0 0101       SUB              R1, R0, R1
   49 00000016         
   50 00000016 4B56            LDR              R3,= 100000000
   51 00000018 FBB1 F2F3       UDIV             R2, R1, R3
   52 0000001C 9202            STR              R2,[SP, #hundredmillions]
   53 0000001E FB02 F203       MUL              R2, R2, R3
   54 00000022 EBA1 0202       SUB              R2, R1, R2
   55 00000026 4611            MOV              R1, R2
   56 00000028         
   57 00000028 4B52            LDR              R3,= 10000000
   58 0000002A FBB1 F2F3       UDIV             R2, R1, R3
   59 0000002E 9204            STR              R2,[SP, #tenmillions]
   60 00000030 FB02 F203       MUL              R2, R2, R3
   61 00000034 EBA1 0202       SUB              R2, R1, R2
   62 00000038 4611            MOV              R1, R2
   63 0000003A         
   64 0000003A 4B4F            LDR              R3,= 1000000
   65 0000003C FBB1 F2F3       UDIV             R2, R1, R3
   66 00000040 9206            STR              R2,[SP, #millions]
   67 00000042 FB02 F203       MUL              R2, R2, R3
   68 00000046 EBA1 0202       SUB              R2, R1, R2
   69 0000004A 4611            MOV              R1, R2
   70 0000004C         
   71 0000004C 4B4B            LDR              R3,= 100000
   72 0000004E FBB1 F2F3       UDIV             R2, R1, R3
   73 00000052 9208            STR              R2,[SP, #hundredthousands]
   74 00000054 FB02 F203       MUL              R2, R2, R3
   75 00000058 EBA1 0202       SUB              R2, R1, R2
   76 0000005C 4611            MOV              R1, R2
   77 0000005E         
   78 0000005E F242 7310       LDR              R3,= 10000
   79 00000062 FBB1 F2F3       UDIV             R2, R1, R3
   80 00000066 920A            STR              R2,[SP, #tenthousands]
   81 00000068 FB02 F203       MUL              R2, R2, R3
   82 0000006C EBA1 0202       SUB              R2, R1, R2
   83 00000070 4611            MOV              R1, R2
   84 00000072         
   85 00000072 F44F 737A       LDR              R3,= 1000
   86 00000076 FBB1 F2F3       UDIV             R2, R1, R3
   87 0000007A 920C            STR              R2,[SP, #thousands]
   88 0000007C FB02 F203       MUL              R2, R2, R3
   89 00000080 EBA1 0202       SUB              R2, R1, R2
   90 00000084 4611            MOV              R1, R2
   91 00000086         



ARM Macro Assembler    Page 3 


   92 00000086 F04F 0364       LDR              R3,= 100
   93 0000008A FBB1 F2F3       UDIV             R2, R1, R3
   94 0000008E 920E            STR              R2,[SP, #Hundreds]
   95 00000090 FB02 F203       MUL              R2, R2, R3
   96 00000094 EBA1 0202       SUB              R2, R1, R2
   97 00000098 4611            MOV              R1, R2
   98 0000009A         
   99 0000009A F04F 030A       LDR              R3,= 10
  100 0000009E FBB1 F2F3       UDIV             R2, R1, R3
  101 000000A2 9210            STR              R2,[SP, #Tens]
  102 000000A4 FB02 F203       MUL              R2, R2, R3
  103 000000A8 EBA1 0202       SUB              R2, R1, R2
  104 000000AC 4611            MOV              R1, R2
  105 000000AE 9212            STR              R2,[SP, #Ones]
  106 000000B0         
  107 000000B0 4669            MOV              R1, SP
  108 000000B2 466B            MOV              R3, SP
  109 000000B4         Check_loop
  110 000000B4 6808            LDR              R0, [R1]
  111 000000B6 2800            CMP              R0, #0
  112 000000B8 D105            BNE              Done_check
  113 000000BA F101 0108       ADD              R1, #8
  114 000000BE 1ACA            SUBS             R2, R1, R3
  115 000000C0 2A48            CMP              R2, #72
  116 000000C2 D000            BEQ              Done_check
  117 000000C4 E7F6            B                Check_loop
  118 000000C6         
  119 000000C6         Done_check
  120 000000C6 6808            LDR              R0, [R1]
  121 000000C8 F100 0030       ADD              R0, #0x30
  122 000000CC B41E            PUSH             {R1, R2, R3, R4}
  123 000000CE F7FF FFFE       BL               ST7735_OutChar
  124 000000D2 BC1E            POP              {R1, R2, R3, R4}
  125 000000D4 F101 0108       ADD              R1, #8
  126 000000D8 1ACA            SUBS             R2, R1, R3
  127 000000DA 2A48            CMP              R2, #72
  128 000000DC D800            BHI              Done_print
  129 000000DE E7F2            B                Done_check
  130 000000E0         
  131 000000E0         Done_print
  132 000000E0         
  133 000000E0 F8D3 E050       LDR              LR, [R3, #LR_Register]
  134 000000E4 B014            ADD              SP, #80
  135 000000E6 4770            BX               LR
  136 000000E8         
  137 000000E8         ;* * * * * * * * End of LCD_OutDec * * * * * * * *
  138 000000E8         
  139 000000E8         ; -----------------------LCD _OutFix--------------------
                       --
  140 000000E8         ; Output characters to LCD display in fixed-point format
                       
  141 000000E8         ; unsigned decimal, resolution 0.01, range 0.00 to 9.99
  142 000000E8         ; Inputs:  R0 is an unsigned 32-bit number
  143 000000E8         ; Outputs: none
  144 000000E8         ; E.g., R0=0,    then output "0.00 "
  145 000000E8         ;       R0=3,    then output "0.003 "
  146 000000E8         ;       R0=89,   then output "0.89 "
  147 000000E8         ;       R0=123,  then output "1.23 "
  148 000000E8         ;       R0=999,  then output "9.99 "



ARM Macro Assembler    Page 4 


  149 000000E8         ;       R0>999,  then output "*.** "
  150 000000E8         ; Invariables: This function must not permanently modify
                        registers R4 to R11
  151 000000E8 00000000 
                       hundreds
                               EQU              0
  152 000000E8 00000004 
                       tens    EQU              4
  153 000000E8 00000008 
                       ones    EQU              8
  154 000000E8 00000010 
                       LR_register
                               EQU              16
  155 000000E8         
  156 000000E8         LCD_OutFix
  157 000000E8 B084            SUB              SP, #16
  158 000000EA F8CD E010       STR              LR, [SP, #LR_register]
  159 000000EE F240 33E7       MOV              R3, #999
  160 000000F2 4298            CMP              R0, R3
  161 000000F4 D826            BHI              outOfRange
  162 000000F6         
  163 000000F6 F04F 0364       MOV              R3, #100
  164 000000FA FBB0 F1F3       UDIV             R1, R0, R3
  165 000000FE 9100            STR              R1,[SP,#hundreds]
  166 00000100 FB01 F103       MUL              R1, R1, R3
  167 00000104 EBA0 0101       SUB              R1, R0, R1
  168 00000108         
  169 00000108 F04F 030A       MOV              R3, #10
  170 0000010C FBB1 F2F3       UDIV             R2, R1, R3
  171 00000110 9201            STR              R2,[SP, #tens]
  172 00000112 FB02 F203       MUL              R2, R2, R3
  173 00000116 EBA1 0202       SUB              R2, R1, R2
  174 0000011A 9202            STR              R2,[SP, #ones]
  175 0000011C         
  176 0000011C 9800            LDR              R0,[SP,#hundreds]
  177 0000011E F100 0030       ADD              R0, R0, #0x30
  178 00000122 F7FF FFFE       BL               ST7735_OutChar
  179 00000126 F04F 002E       MOV              R0, #0x2E
  180 0000012A F7FF FFFE       BL               ST7735_OutChar
  181 0000012E 9801            LDR              R0,[SP,#tens]
  182 00000130 F100 0030       ADD              R0, R0, #0x30
  183 00000134 F7FF FFFE       BL               ST7735_OutChar
  184 00000138 9802            LDR              R0,[SP,#ones]
  185 0000013A F100 0030       ADD              R0, R0, #0x30
  186 0000013E F7FF FFFE       BL               ST7735_OutChar
  187 00000142 E00F            B                Done
  188 00000144         
  189 00000144         outOfRange
  190 00000144 F04F 002A       MOV              R0, #0x2A
  191 00000148 F7FF FFFE       BL               ST7735_OutChar
  192 0000014C F04F 002E       MOV              R0, #0x2E
  193 00000150 F7FF FFFE       BL               ST7735_OutChar
  194 00000154 F04F 002A       MOV              R0, #0x2A
  195 00000158 F7FF FFFE       BL               ST7735_OutChar
  196 0000015C F04F 002A       MOV              R0, #0x2A
  197 00000160 F7FF FFFE       BL               ST7735_OutChar
  198 00000164         
  199 00000164         Done
  200 00000164 F8DD E010       LDR              LR, [SP, #LR_register]



ARM Macro Assembler    Page 5 


  201 00000168 B004            ADD              SP, #16
  202 0000016A 4770            BX               LR
  203 0000016C         
  204 0000016C         ;* * * * * * * * End of LCD_OutFix * * * * * * * *
  205 0000016C         
  206 0000016C                 ALIGN                        ; make sure the end
                                                             of this section is
                                                             aligned
  207 0000016C                 END                          ; end of file
              3B9ACA00 
              05F5E100 
              00989680 
              000F4240 
              000186A0 
Command Line: --debug --xref --diag_suppress=9931 --cpu=Cortex-M4 --apcs=interw
ork --depend=.\print.d -o.\print.o -I.\RTE\_SpaceInvaders -IC:\Users\zhang\AppD
ata\Local\Arm\Packs\ARM\CMSIS\5.5.1\CMSIS\Core\Include -IC:\Users\zhang\AppData
\Local\Arm\Packs\Keil\TM4C_DFP\1.1.0\Device\Include\TM4C123 --predefine="__EVAL
 SETA 1" --predefine="__UVISION_VERSION SETA 528" --predefine="_RTE_ SETA 1" --
predefine="TM4C123GH6PM SETA 1" --list=.\print.lst Print.s



ARM Macro Assembler    Page 1 Alphabetic symbol ordering
Relocatable symbols

.text 00000000

Symbol: .text
   Definitions
      At line 17 in file Print.s
   Uses
      None
Comment: .text unused
Check_loop 000000B4

Symbol: Check_loop
   Definitions
      At line 109 in file Print.s
   Uses
      At line 117 in file Print.s
Comment: Check_loop used once
Done 00000164

Symbol: Done
   Definitions
      At line 199 in file Print.s
   Uses
      At line 187 in file Print.s
Comment: Done used once
Done_check 000000C6

Symbol: Done_check
   Definitions
      At line 119 in file Print.s
   Uses
      At line 112 in file Print.s
      At line 116 in file Print.s
      At line 129 in file Print.s

Done_print 000000E0

Symbol: Done_print
   Definitions
      At line 131 in file Print.s
   Uses
      At line 128 in file Print.s
Comment: Done_print used once
LCD_OutDec 00000000

Symbol: LCD_OutDec
   Definitions
      At line 40 in file Print.s
   Uses
      At line 14 in file Print.s
Comment: LCD_OutDec used once
LCD_OutFix 000000E8

Symbol: LCD_OutFix
   Definitions
      At line 156 in file Print.s
   Uses
      At line 15 in file Print.s
Comment: LCD_OutFix used once
outOfRange 00000144



ARM Macro Assembler    Page 2 Alphabetic symbol ordering
Relocatable symbols


Symbol: outOfRange
   Definitions
      At line 189 in file Print.s
   Uses
      At line 161 in file Print.s
Comment: outOfRange used once
8 symbols



ARM Macro Assembler    Page 1 Alphabetic symbol ordering
Absolute symbols

Hundreds 00000038

Symbol: Hundreds
   Definitions
      At line 35 in file Print.s
   Uses
      At line 94 in file Print.s
Comment: Hundreds used once
LR_Register 00000050

Symbol: LR_Register
   Definitions
      At line 38 in file Print.s
   Uses
      At line 42 in file Print.s
      At line 133 in file Print.s

LR_register 00000010

Symbol: LR_register
   Definitions
      At line 154 in file Print.s
   Uses
      At line 158 in file Print.s
      At line 200 in file Print.s

Ones 00000048

Symbol: Ones
   Definitions
      At line 37 in file Print.s
   Uses
      At line 105 in file Print.s
Comment: Ones used once
Tens 00000040

Symbol: Tens
   Definitions
      At line 36 in file Print.s
   Uses
      At line 101 in file Print.s
Comment: Tens used once
billions 00000000

Symbol: billions
   Definitions
      At line 28 in file Print.s
   Uses
      At line 46 in file Print.s
Comment: billions used once
hundredmillions 00000008

Symbol: hundredmillions
   Definitions
      At line 29 in file Print.s
   Uses
      At line 52 in file Print.s
Comment: hundredmillions used once
hundreds 00000000



ARM Macro Assembler    Page 2 Alphabetic symbol ordering
Absolute symbols


Symbol: hundreds
   Definitions
      At line 151 in file Print.s
   Uses
      At line 165 in file Print.s
      At line 176 in file Print.s

hundredthousands 00000020

Symbol: hundredthousands
   Definitions
      At line 32 in file Print.s
   Uses
      At line 73 in file Print.s
Comment: hundredthousands used once
millions 00000018

Symbol: millions
   Definitions
      At line 31 in file Print.s
   Uses
      At line 66 in file Print.s
Comment: millions used once
ones 00000008

Symbol: ones
   Definitions
      At line 153 in file Print.s
   Uses
      At line 174 in file Print.s
      At line 184 in file Print.s

tenmillions 00000010

Symbol: tenmillions
   Definitions
      At line 30 in file Print.s
   Uses
      At line 59 in file Print.s
Comment: tenmillions used once
tens 00000004

Symbol: tens
   Definitions
      At line 152 in file Print.s
   Uses
      At line 171 in file Print.s
      At line 181 in file Print.s

tenthousands 00000028

Symbol: tenthousands
   Definitions
      At line 33 in file Print.s
   Uses
      At line 80 in file Print.s
Comment: tenthousands used once
thousands 00000030



ARM Macro Assembler    Page 3 Alphabetic symbol ordering
Absolute symbols


Symbol: thousands
   Definitions
      At line 34 in file Print.s
   Uses
      At line 87 in file Print.s
Comment: thousands used once
15 symbols



ARM Macro Assembler    Page 1 Alphabetic symbol ordering
External symbols

ST7735_OutChar 00000000

Symbol: ST7735_OutChar
   Definitions
      At line 12 in file Print.s
   Uses
      At line 123 in file Print.s
      At line 178 in file Print.s
      At line 180 in file Print.s
      At line 183 in file Print.s
      At line 186 in file Print.s
      At line 191 in file Print.s
      At line 193 in file Print.s
      At line 195 in file Print.s
      At line 197 in file Print.s

ST7735_OutString 00000000

Symbol: ST7735_OutString
   Definitions
      At line 13 in file Print.s
   Uses
      None
Comment: ST7735_OutString unused
2 symbols
361 symbols in table
